<?xml version="1.0" encoding="UTF-8"?>
<testng-results ignored="3" total="7" passed="4" failed="0" skipped="0">
  <reporter-output>
  </reporter-output>
  <suite started-at="2021-10-27T21:37:34 EDT" name="All Test Suite" finished-at="2021-10-27T21:37:55 EDT" duration-ms="20685">
    <groups>
      <group name="smoke">
        <method signature="LoginTest.invalidLoginErrorMessageValidation(java.lang.String, java.lang.String, java.lang.String)[pri:0, instance:testcases.LoginTest@b7f23d9]" name="invalidLoginErrorMessageValidation" class="testcases.LoginTest"/>
      </group> <!-- smoke -->
    </groups>
    <test started-at="2021-10-27T21:37:34 EDT" name="/Users/kristinaakbulut/Desktop/TestNgFrameWorkBatch10" finished-at="2021-10-27T21:37:55 EDT" duration-ms="20685">
      <class name="testcases.LoginTest">
        <test-method is-config="true" signature="openBrowser()[pri:0, instance:testcases.LoginTest@b7f23d9]" started-at="2021-10-27T21:37:34 EDT" name="openBrowser" finished-at="2021-10-27T21:37:40 EDT" duration-ms="6412" status="PASS">
          <reporter-output>
          </reporter-output>
        </test-method> <!-- openBrowser -->
        <test-method signature="invalidLoginErrorMessageValidation(java.lang.String, java.lang.String, java.lang.String)[pri:0, instance:testcases.LoginTest@b7f23d9]" started-at="2021-10-27T21:37:40 EDT" name="invalidLoginErrorMessageValidation" data-provider="invalidData" finished-at="2021-10-27T21:37:41 EDT" duration-ms="864" status="PASS">
          <params>
            <param index="0">
              <value>
                <![CDATA[James]]>
              </value>
            </param>
            <param index="1">
              <value>
                <![CDATA[123!]]>
              </value>
            </param>
            <param index="2">
              <value>
                <![CDATA[Invalid credentials]]>
              </value>
            </param>
          </params>
          <reporter-output>
          </reporter-output>
        </test-method> <!-- invalidLoginErrorMessageValidation -->
        <test-method is-config="true" signature="tearDown()[pri:0, instance:testcases.LoginTest@b7f23d9]" started-at="2021-10-27T21:37:42 EDT" name="tearDown" finished-at="2021-10-27T21:37:42 EDT" duration-ms="151" status="PASS">
          <reporter-output>
          </reporter-output>
        </test-method> <!-- tearDown -->
        <test-method is-config="true" signature="openBrowser()[pri:0, instance:testcases.LoginTest@b7f23d9]" started-at="2021-10-27T21:37:42 EDT" name="openBrowser" finished-at="2021-10-27T21:37:45 EDT" duration-ms="3043" status="PASS">
          <reporter-output>
          </reporter-output>
        </test-method> <!-- openBrowser -->
        <test-method signature="invalidLoginErrorMessageValidation(java.lang.String, java.lang.String, java.lang.String)[pri:0, instance:testcases.LoginTest@b7f23d9]" started-at="2021-10-27T21:37:45 EDT" name="invalidLoginErrorMessageValidation" data-provider="invalidData" finished-at="2021-10-27T21:37:46 EDT" duration-ms="688" status="PASS">
          <params>
            <param index="0">
              <value>
                <![CDATA[Admin1]]>
              </value>
            </param>
            <param index="1">
              <value>
                <![CDATA[Hum@nhrm123]]>
              </value>
            </param>
            <param index="2">
              <value>
                <![CDATA[Invalid credentials]]>
              </value>
            </param>
          </params>
          <reporter-output>
          </reporter-output>
        </test-method> <!-- invalidLoginErrorMessageValidation -->
        <test-method is-config="true" signature="tearDown()[pri:0, instance:testcases.LoginTest@b7f23d9]" started-at="2021-10-27T21:37:46 EDT" name="tearDown" finished-at="2021-10-27T21:37:47 EDT" duration-ms="130" status="PASS">
          <reporter-output>
          </reporter-output>
        </test-method> <!-- tearDown -->
        <test-method is-config="true" signature="openBrowser()[pri:0, instance:testcases.LoginTest@b7f23d9]" started-at="2021-10-27T21:37:47 EDT" name="openBrowser" finished-at="2021-10-27T21:37:50 EDT" duration-ms="3094" status="PASS">
          <reporter-output>
          </reporter-output>
        </test-method> <!-- openBrowser -->
        <test-method signature="invalidLoginErrorMessageValidation(java.lang.String, java.lang.String, java.lang.String)[pri:0, instance:testcases.LoginTest@b7f23d9]" started-at="2021-10-27T21:37:50 EDT" name="invalidLoginErrorMessageValidation" data-provider="invalidData" finished-at="2021-10-27T21:37:50 EDT" duration-ms="435" status="PASS">
          <params>
            <param index="0">
              <value>
                <![CDATA[Admin]]>
              </value>
            </param>
            <param index="1">
              <value>
                <![CDATA[]]>
              </value>
            </param>
            <param index="2">
              <value>
                <![CDATA[Password cannot be empty]]>
              </value>
            </param>
          </params>
          <reporter-output>
          </reporter-output>
        </test-method> <!-- invalidLoginErrorMessageValidation -->
        <test-method is-config="true" signature="tearDown()[pri:0, instance:testcases.LoginTest@b7f23d9]" started-at="2021-10-27T21:37:51 EDT" name="tearDown" finished-at="2021-10-27T21:37:51 EDT" duration-ms="110" status="PASS">
          <reporter-output>
          </reporter-output>
        </test-method> <!-- tearDown -->
        <test-method is-config="true" signature="openBrowser()[pri:0, instance:testcases.LoginTest@b7f23d9]" started-at="2021-10-27T21:37:51 EDT" name="openBrowser" finished-at="2021-10-27T21:37:54 EDT" duration-ms="2906" status="PASS">
          <reporter-output>
          </reporter-output>
        </test-method> <!-- openBrowser -->
        <test-method signature="invalidLoginErrorMessageValidation(java.lang.String, java.lang.String, java.lang.String)[pri:0, instance:testcases.LoginTest@b7f23d9]" started-at="2021-10-27T21:37:54 EDT" name="invalidLoginErrorMessageValidation" data-provider="invalidData" finished-at="2021-10-27T21:37:54 EDT" duration-ms="478" status="PASS">
          <params>
            <param index="0">
              <value>
                <![CDATA[]]>
              </value>
            </param>
            <param index="1">
              <value>
                <![CDATA[Hum@nhrm123]]>
              </value>
            </param>
            <param index="2">
              <value>
                <![CDATA[Username cannot be empty]]>
              </value>
            </param>
          </params>
          <reporter-output>
          </reporter-output>
        </test-method> <!-- invalidLoginErrorMessageValidation -->
        <test-method is-config="true" signature="tearDown()[pri:0, instance:testcases.LoginTest@b7f23d9]" started-at="2021-10-27T21:37:55 EDT" name="tearDown" finished-at="2021-10-27T21:37:55 EDT" duration-ms="105" status="PASS">
          <reporter-output>
          </reporter-output>
        </test-method> <!-- tearDown -->
      </class> <!-- testcases.LoginTest -->
    </test> <!-- /Users/kristinaakbulut/Desktop/TestNgFrameWorkBatch10 -->
  </suite> <!-- All Test Suite -->
</testng-results>
