<?xml version="1.0" encoding="UTF-8"?>
<!-- Generated by org.testng.reporters.JUnitXMLReporter -->
<testsuite ignored="3" hostname="Kristina-MacBook-Air.local" failures="0" tests="4" name="/Users/kristinaakbulut/Desktop/TestNgFrameWorkBatch10" time="20.685" errors="0" timestamp="2021-10-27T21:37:55 EDT">
  <testcase classname="testcases.LoginTest" name="invalidLoginErrorMessageValidation" time="0.864"/>
  <testcase classname="testcases.LoginTest" name="invalidLoginErrorMessageValidation" time="0.688"/>
  <testcase classname="testcases.LoginTest" name="invalidLoginErrorMessageValidation" time="0.435"/>
  <testcase classname="testcases.LoginTest" name="invalidLoginErrorMessageValidation" time="0.478"/>
  <testcase classname="testcases.AddEmployeeTest" name="addMultipleEmployees" time="0.0">
    <ignored/>
  </testcase> <!-- addMultipleEmployees -->
  <testcase classname="testcases.LoginTest" name="adminLogin" time="0.0">
    <ignored/>
  </testcase> <!-- adminLogin -->
  <testcase classname="testcases.AddEmployeeTest" name="addEmployee" time="0.0">
    <ignored/>
  </testcase> <!-- addEmployee -->
</testsuite> <!-- /Users/kristinaakbulut/Desktop/TestNgFrameWorkBatch10 -->
